<?xml version="1.0" encoding="UTF-8"?>
<!-- Generated by org.testng.reporters.JUnitXMLReporter -->
<testsuite ignored="0" hostname="Ktex03" failures="0" tests="15" name="Free Crm Application Test Cases" time="135.982" errors="0" timestamp="2022-06-10T10:29:52 EDT">
  <testcase classname="com.project.qa.testcases.LoginPageTest" name="loginPageTitleTest" time="0.064"/>
  <testcase classname="com.project.qa.testcases.LoginPageTest" name="crmLogoImgTest" time="0.151"/>
  <testcase classname="com.project.qa.testcases.LoginPageTest" name="loginTest" time="4.039"/>
  <testcase classname="com.project.qa.testcases.HomePageTest" name="homePageTitle" time="0.013"/>
  <testcase classname="com.project.qa.testcases.HomePageTest" name="verifyUserNameTest" time="0.085"/>
  <testcase classname="com.project.qa.testcases.HomePageTest" name="verifyContactslinkTest" time="0.731"/>
  <testcase classname="com.project.qa.testcases.HomePageTest" name="verifyDealsslinkTest" time="0.679"/>
  <testcase classname="com.project.qa.testcases.HomePageTest" name="verifyTaskslinkTest" time="0.624"/>
  <testcase classname="com.project.qa.testcases.ContactsPageTest" name="verifyContactsPageLable" time="0.05"/>
  <testcase classname="com.project.qa.testcases.ContactsPageTest" name="selectSingleContactTest" time="0.101"/>
  <testcase classname="com.project.qa.testcases.ContactsPageTest" name="selectMultipleContactList" time="0.202"/>
  <testcase classname="com.project.qa.testcases.ContactsPageTest" name="validateCreateContact" time="2.261"/>
  <testcase classname="com.project.qa.testcases.ContactsPageTest" name="validateCreateContact" time="2.029"/>
  <testcase classname="com.project.qa.testcases.ContactsPageTest" name="validateCreateContact" time="1.973"/>
  <testcase classname="com.project.qa.testcases.ContactsPageTest" name="validateCreateContact" time="2.006"/>
</testsuite> <!-- Free Crm Application Test Cases -->
