<?xml version="1.0" encoding="UTF-8" ?>
<testsuite tests="15" failures="1" name="TestSuite" time="12.679" errors="0" skipped="0">
  <properties>
[...]
</properties>
  <testcase classname="com.project.qa.testcases.ContactsPageTest" name="verifyContactsPageLable" time="0.055"/>
  <testcase classname="com.project.qa.testcases.ContactsPageTest" name="selectSingleContactTest" time="0.085"/>
  <testcase classname="com.project.qa.testcases.ContactsPageTest" name="selectMultipleContactList" time="0.146"/>
  <testcase classname="com.project.qa.testcases.ContactsPageTest" name="validateCreateContact" time="2.047"/>
  <testcase classname="com.project.qa.testcases.ContactsPageTest" name="validateCreateContact" time="1.775"/>
  <testcase classname="com.project.qa.testcases.ContactsPageTest" name="validateCreateContact" time="1.793"/>
  <testcase classname="com.project.qa.testcases.ContactsPageTest" name="validateCreateContact" time="1.756"/>
  <testcase classname="com.project.qa.testcases.HomePageTest" name="homePageTitle" time="0.015">
    <failure message="Home Page Title Not Match expected [CRMPRO ] but found [CRMPRO]" type="java.lang.AssertionError">java.lang.AssertionError: Home Page Title Not Match expected [CRMPRO ] but found [CRMPRO]
	at org.testng.Assert.fail(Assert.java:110)
	at org.testng.Assert.failNotEquals(Assert.java:1413)
	at org.testng.Assert.assertEqualsImpl(Assert.java:149)
	at org.testng.Assert.assertEquals(Assert.java:131)
	at org.testng.Assert.assertEquals(Assert.java:655)
	at com.project.qa.testcases.HomePageTest.homePageTitle(HomePageTest.java:49)
</failure>
    <system-out>Before navigating to: &apos;https://classic.crmpro.com/index.html&apos;
Navigated to:&apos;https://classic.crmpro.com/index.html&apos;
Trying to find Element By : By.name: username
Found Element By : By.name: username
Trying to find Element By : By.name: password
Found Element By : By.name: password
Trying to find Element By : By.xpath: //input[@type = &apos;submit&apos;]
Found Element By : By.xpath: //input[@type = &apos;submit&apos;]
Trying to click on: [[ChromeDriver: chrome on WINDOWS (d3f607acdd34f02b8bfcc96f15f8e490)] -&gt; xpath: //input[@type = &apos;submit&apos;]]
Clicked on: [[ChromeDriver: chrome on WINDOWS (d3f607acdd34f02b8bfcc96f15f8e490)] -&gt; xpath: //input[@type = &apos;submit&apos;]]
</system-out>
    <system-err>Starting ChromeDriver 102.0.5005.61 (0e59bcc00cc4985ce39ad31c150065f159d95ad3-refs/branch-heads/5005@{#819}) on port 57627
Only local connections are allowed.
Please see https://chromedriver.chromium.org/security-considerations for suggestions on keeping ChromeDriver safe.
ChromeDriver was started successfully.
Jun. 11, 2022 12:23:50 P.M. org.openqa.selenium.remote.ProtocolHandshake createSession
INFO: Detected upstream dialect: W3C
Jun. 11, 2022 12:23:50 P.M. org.openqa.selenium.devtools.CdpVersionFinder findNearestMatch
INFO: Found exact CDP implementation for version 102
</system-err>
  </testcase>
  <testcase classname="com.project.qa.testcases.HomePageTest" name="verifyUserNameTest" time="0.059"/>
  <testcase classname="com.project.qa.testcases.HomePageTest" name="verifyContactslinkTest" time="0.594"/>
  <testcase classname="com.project.qa.testcases.HomePageTest" name="verifyDealsslinkTest" time="0.607"/>
  <testcase classname="com.project.qa.testcases.HomePageTest" name="verifyTaskslinkTest" time="0.606"/>
  <testcase classname="com.project.qa.testcases.LoginPageTest" name="loginPageTitleTest" time="0.017"/>
  <testcase classname="com.project.qa.testcases.LoginPageTest" name="crmLogoImgTest" time="0.052"/>
  <testcase classname="com.project.qa.testcases.LoginPageTest" name="loginTest" time="3.072"/>
</testsuite>