<?xml version="1.0" encoding="UTF-8"?>
<testng-results ignored="2" total="3" passed="1" failed="0" skipped="0">
  <reporter-output>
  </reporter-output>
  <suite started-at="2022-06-10T12:54:48 EDT" name="Default suite" finished-at="2022-06-10T12:54:53 EDT" duration-ms="4385">
    <groups>
    </groups>
    <test started-at="2022-06-10T12:54:48 EDT" name="Default test" finished-at="2022-06-10T12:54:53 EDT" duration-ms="4385">
      <class name="com.project.qa.testcases.LoginPageTest">
        <test-method is-config="true" signature="setUp()[pri:0, instance:com.project.qa.testcases.LoginPageTest@3a44431a]" started-at="2022-06-10T12:54:48 EDT" name="setUp" finished-at="2022-06-10T12:54:52 EDT" duration-ms="3657" status="PASS">
          <reporter-output>
          </reporter-output>
        </test-method> <!-- setUp -->
        <test-method signature="loginPageTitleTest()[pri:1, instance:com.project.qa.testcases.LoginPageTest@3a44431a]" started-at="2022-06-10T12:54:52 EDT" name="loginPageTitleTest" finished-at="2022-06-10T12:54:52 EDT" duration-ms="22" status="PASS">
          <reporter-output>
          </reporter-output>
        </test-method> <!-- loginPageTitleTest -->
        <test-method is-config="true" signature="tearDown()[pri:0, instance:com.project.qa.testcases.LoginPageTest@3a44431a]" started-at="2022-06-10T12:54:52 EDT" name="tearDown" finished-at="2022-06-10T12:54:53 EDT" duration-ms="679" status="PASS">
          <reporter-output>
          </reporter-output>
        </test-method> <!-- tearDown -->
      </class> <!-- com.project.qa.testcases.LoginPageTest -->
    </test> <!-- Default test -->
  </suite> <!-- Default suite -->
</testng-results>
